2021-06-18 12:42:04,263:INFO:Initializing load_model()
2021-06-18 12:42:04,263:INFO:load_model(model_name=model/modelo-final, platform=None, authentication=None, verbose=True)
2021-06-18 12:42:19,739:INFO:Initializing load_model()
2021-06-18 12:42:19,742:INFO:load_model(model_name=model/modelo-final, platform=None, authentication=None, verbose=True)
2021-06-18 14:16:17,215:INFO:Initializing load_model()
2021-06-18 14:16:17,217:INFO:load_model(model_name=model/modelo-final, platform=None, authentication=None, verbose=True)
2021-06-18 14:16:24,973:INFO:Initializing load_model()
2021-06-18 14:16:24,975:INFO:load_model(model_name=model/modelo-final, platform=None, authentication=None, verbose=True)
2021-06-18 16:14:01,689:INFO:Initializing load_model()
2021-06-18 16:14:01,692:INFO:load_model(model_name=model/modelo-final, platform=None, authentication=None, verbose=True)
2021-06-18 16:14:05,380:INFO:Initializing load_model()
2021-06-18 16:14:05,399:INFO:load_model(model_name=model/modelo-final, platform=None, authentication=None, verbose=True)
2021-06-18 16:14:13,776:INFO:Initializing load_model()
2021-06-18 16:14:13,776:INFO:load_model(model_name=model/modelo-final, platform=None, authentication=None, verbose=True)
2021-06-18 16:14:13,877:INFO:Initializing predict_model()
2021-06-18 16:14:13,883:INFO:predict_model(estimator=Pipeline(steps=[('dtypes',
                 DataTypes_Auto_infer(ml_usecase='regression',
                                      numerical_features=['num_quartos',
                                                          'num_banheiros',
                                                          'garagem',
                                                          'num_andares',
                                                          'aceita_animais',
                                                          'mobilia'],
                                      target='valor_aluguel')),
                ('imputer',
                 Simple_Imputer(categorical_strategy='not_available',
                                fill_value_categorical=None,
                                fill_value_numerical=None,
                                numeric_strategy='mean',
                                target_vari...
                ('binn', 'passthrough'), ('rem_outliers', 'passthrough'),
                ('cluster_all', 'passthrough'),
                ('dummy', Dummify(target='valor_aluguel')),
                ('fix_perfect', Remove_100(target='valor_aluguel')),
                ('clean_names', Clean_Colum_Names()),
                ('feature_select', 'passthrough'), ('fix_multi', 'passthrough'),
                ('dfs', 'passthrough'), ('pca', 'passthrough'),
                ['trained_model',
                 <catboost.core.CatBoostRegressor object at 0x7ff8d322f820>]]), probability_threshold=None, encoded_labels=True, round=4, verbose=True, ml_usecase=MLUsecase.REGRESSION, display=None)
2021-06-18 16:14:13,889:INFO:Checking exceptions
2021-06-18 16:14:13,889:INFO:Preloading libraries
2021-06-18 16:15:02,544:INFO:Initializing load_model()
2021-06-18 16:15:02,545:INFO:load_model(model_name=model/modelo-final, platform=None, authentication=None, verbose=True)
2021-06-18 16:15:09,892:INFO:Initializing load_model()
2021-06-18 16:15:09,893:INFO:load_model(model_name=model/modelo-final, platform=None, authentication=None, verbose=True)
2021-06-18 16:15:09,957:INFO:Initializing predict_model()
2021-06-18 16:15:09,957:INFO:predict_model(estimator=Pipeline(steps=[('dtypes',
                 DataTypes_Auto_infer(ml_usecase='regression',
                                      numerical_features=['num_quartos',
                                                          'num_banheiros',
                                                          'garagem',
                                                          'num_andares',
                                                          'aceita_animais',
                                                          'mobilia'],
                                      target='valor_aluguel')),
                ('imputer',
                 Simple_Imputer(categorical_strategy='not_available',
                                fill_value_categorical=None,
                                fill_value_numerical=None,
                                numeric_strategy='mean',
                                target_vari...
                ('binn', 'passthrough'), ('rem_outliers', 'passthrough'),
                ('cluster_all', 'passthrough'),
                ('dummy', Dummify(target='valor_aluguel')),
                ('fix_perfect', Remove_100(target='valor_aluguel')),
                ('clean_names', Clean_Colum_Names()),
                ('feature_select', 'passthrough'), ('fix_multi', 'passthrough'),
                ('dfs', 'passthrough'), ('pca', 'passthrough'),
                ['trained_model',
                 <catboost.core.CatBoostRegressor object at 0x7ff8d32454c0>]]), probability_threshold=None, encoded_labels=True, round=4, verbose=True, ml_usecase=MLUsecase.REGRESSION, display=None)
2021-06-18 16:15:09,958:INFO:Checking exceptions
2021-06-18 16:15:09,959:INFO:Preloading libraries
2021-06-18 16:15:17,792:INFO:Initializing load_model()
2021-06-18 16:15:17,792:INFO:load_model(model_name=model/modelo-final, platform=None, authentication=None, verbose=True)
2021-06-18 16:15:20,154:INFO:Initializing load_model()
2021-06-18 16:15:20,156:INFO:load_model(model_name=model/modelo-final, platform=None, authentication=None, verbose=True)
2021-06-18 16:15:21,931:INFO:Initializing load_model()
2021-06-18 16:15:21,931:INFO:load_model(model_name=model/modelo-final, platform=None, authentication=None, verbose=True)
2021-06-18 16:15:23,409:INFO:Initializing load_model()
2021-06-18 16:15:23,411:INFO:load_model(model_name=model/modelo-final, platform=None, authentication=None, verbose=True)
2021-06-18 16:15:25,466:INFO:Initializing load_model()
2021-06-18 16:15:25,468:INFO:load_model(model_name=model/modelo-final, platform=None, authentication=None, verbose=True)
2021-06-18 16:15:30,037:INFO:Initializing load_model()
2021-06-18 16:15:30,038:INFO:load_model(model_name=model/modelo-final, platform=None, authentication=None, verbose=True)
2021-06-18 16:15:34,596:INFO:Initializing load_model()
2021-06-18 16:15:34,596:INFO:load_model(model_name=model/modelo-final, platform=None, authentication=None, verbose=True)
2021-06-18 16:15:39,699:INFO:Initializing load_model()
2021-06-18 16:15:39,700:INFO:load_model(model_name=model/modelo-final, platform=None, authentication=None, verbose=True)
2021-06-18 16:15:44,515:INFO:Initializing load_model()
2021-06-18 16:15:44,518:INFO:load_model(model_name=model/modelo-final, platform=None, authentication=None, verbose=True)
2021-06-18 16:15:46,269:INFO:Initializing load_model()
2021-06-18 16:15:46,270:INFO:load_model(model_name=model/modelo-final, platform=None, authentication=None, verbose=True)
2021-06-18 16:15:46,339:INFO:Initializing predict_model()
2021-06-18 16:15:46,340:INFO:predict_model(estimator=Pipeline(steps=[('dtypes',
                 DataTypes_Auto_infer(ml_usecase='regression',
                                      numerical_features=['num_quartos',
                                                          'num_banheiros',
                                                          'garagem',
                                                          'num_andares',
                                                          'aceita_animais',
                                                          'mobilia'],
                                      target='valor_aluguel')),
                ('imputer',
                 Simple_Imputer(categorical_strategy='not_available',
                                fill_value_categorical=None,
                                fill_value_numerical=None,
                                numeric_strategy='mean',
                                target_vari...
                ('binn', 'passthrough'), ('rem_outliers', 'passthrough'),
                ('cluster_all', 'passthrough'),
                ('dummy', Dummify(target='valor_aluguel')),
                ('fix_perfect', Remove_100(target='valor_aluguel')),
                ('clean_names', Clean_Colum_Names()),
                ('feature_select', 'passthrough'), ('fix_multi', 'passthrough'),
                ('dfs', 'passthrough'), ('pca', 'passthrough'),
                ['trained_model',
                 <catboost.core.CatBoostRegressor object at 0x7ff8d31dd070>]]), probability_threshold=None, encoded_labels=True, round=4, verbose=True, ml_usecase=MLUsecase.REGRESSION, display=None)
2021-06-18 16:15:46,342:INFO:Checking exceptions
2021-06-18 16:15:46,344:INFO:Preloading libraries
2021-06-18 16:15:52,456:INFO:Initializing load_model()
2021-06-18 16:15:52,457:INFO:load_model(model_name=model/modelo-final, platform=None, authentication=None, verbose=True)
2021-06-18 16:15:52,769:INFO:Initializing load_model()
2021-06-18 16:15:52,769:INFO:load_model(model_name=model/modelo-final, platform=None, authentication=None, verbose=True)
2021-06-18 16:15:52,841:INFO:Initializing predict_model()
2021-06-18 16:15:52,841:INFO:predict_model(estimator=Pipeline(steps=[('dtypes',
                 DataTypes_Auto_infer(ml_usecase='regression',
                                      numerical_features=['num_quartos',
                                                          'num_banheiros',
                                                          'garagem',
                                                          'num_andares',
                                                          'aceita_animais',
                                                          'mobilia'],
                                      target='valor_aluguel')),
                ('imputer',
                 Simple_Imputer(categorical_strategy='not_available',
                                fill_value_categorical=None,
                                fill_value_numerical=None,
                                numeric_strategy='mean',
                                target_vari...
                ('binn', 'passthrough'), ('rem_outliers', 'passthrough'),
                ('cluster_all', 'passthrough'),
                ('dummy', Dummify(target='valor_aluguel')),
                ('fix_perfect', Remove_100(target='valor_aluguel')),
                ('clean_names', Clean_Colum_Names()),
                ('feature_select', 'passthrough'), ('fix_multi', 'passthrough'),
                ('dfs', 'passthrough'), ('pca', 'passthrough'),
                ['trained_model',
                 <catboost.core.CatBoostRegressor object at 0x7ff8d31c7730>]]), probability_threshold=None, encoded_labels=True, round=4, verbose=True, ml_usecase=MLUsecase.REGRESSION, display=None)
2021-06-18 16:15:52,844:INFO:Checking exceptions
2021-06-18 16:15:52,845:INFO:Preloading libraries
2021-06-18 16:18:28,201:INFO:Initializing load_model()
2021-06-18 16:18:28,201:INFO:load_model(model_name=model/modelo-final, platform=None, authentication=None, verbose=True)
2021-06-18 16:18:29,631:INFO:Initializing load_model()
2021-06-18 16:18:29,633:INFO:load_model(model_name=model/modelo-final, platform=None, authentication=None, verbose=True)
2021-06-18 16:18:29,706:INFO:Initializing predict_model()
2021-06-18 16:18:29,707:INFO:predict_model(estimator=Pipeline(steps=[('dtypes',
                 DataTypes_Auto_infer(ml_usecase='regression',
                                      numerical_features=['num_quartos',
                                                          'num_banheiros',
                                                          'garagem',
                                                          'num_andares',
                                                          'aceita_animais',
                                                          'mobilia'],
                                      target='valor_aluguel')),
                ('imputer',
                 Simple_Imputer(categorical_strategy='not_available',
                                fill_value_categorical=None,
                                fill_value_numerical=None,
                                numeric_strategy='mean',
                                target_vari...
                ('binn', 'passthrough'), ('rem_outliers', 'passthrough'),
                ('cluster_all', 'passthrough'),
                ('dummy', Dummify(target='valor_aluguel')),
                ('fix_perfect', Remove_100(target='valor_aluguel')),
                ('clean_names', Clean_Colum_Names()),
                ('feature_select', 'passthrough'), ('fix_multi', 'passthrough'),
                ('dfs', 'passthrough'), ('pca', 'passthrough'),
                ['trained_model',
                 <catboost.core.CatBoostRegressor object at 0x7ff8d322d640>]]), probability_threshold=None, encoded_labels=True, round=4, verbose=True, ml_usecase=MLUsecase.REGRESSION, display=None)
2021-06-18 16:18:29,709:INFO:Checking exceptions
2021-06-18 16:18:29,710:INFO:Preloading libraries
2021-06-18 16:55:57,202:INFO:Initializing load_model()
2021-06-18 16:55:57,202:INFO:load_model(model_name=model/modelo-final, platform=None, authentication=None, verbose=True)
2021-06-18 16:56:22,667:INFO:Initializing load_model()
2021-06-18 16:56:22,668:INFO:load_model(model_name=model/modelo-final, platform=None, authentication=None, verbose=True)
2021-06-18 16:56:22,735:INFO:Initializing predict_model()
2021-06-18 16:56:22,735:INFO:predict_model(estimator=Pipeline(steps=[('dtypes',
                 DataTypes_Auto_infer(ml_usecase='regression',
                                      numerical_features=['num_quartos',
                                                          'num_banheiros',
                                                          'garagem',
                                                          'num_andares',
                                                          'aceita_animais',
                                                          'mobilia'],
                                      target='valor_aluguel')),
                ('imputer',
                 Simple_Imputer(categorical_strategy='not_available',
                                fill_value_categorical=None,
                                fill_value_numerical=None,
                                numeric_strategy='mean',
                                target_vari...
                ('binn', 'passthrough'), ('rem_outliers', 'passthrough'),
                ('cluster_all', 'passthrough'),
                ('dummy', Dummify(target='valor_aluguel')),
                ('fix_perfect', Remove_100(target='valor_aluguel')),
                ('clean_names', Clean_Colum_Names()),
                ('feature_select', 'passthrough'), ('fix_multi', 'passthrough'),
                ('dfs', 'passthrough'), ('pca', 'passthrough'),
                ['trained_model',
                 <catboost.core.CatBoostRegressor object at 0x7ff8dde7ee20>]]), probability_threshold=None, encoded_labels=True, round=4, verbose=True, ml_usecase=MLUsecase.REGRESSION, display=None)
2021-06-18 16:56:22,736:INFO:Checking exceptions
2021-06-18 16:56:22,737:INFO:Preloading libraries
